[90m4:50PM[0m [32mINF[0m [1m🐶 K9s starting up...[0m
[90m4:50PM[0m [31mERR[0m [1mFail to locate metrics-server[0m [36merror=[0m[31m[1m"No metrics api group metrics.k8s.io found on cluster"[0m[0m
[90m4:50PM[0m [32mINF[0m [1m✅ Kubernetes connectivity[0m
[90m4:50PM[0m [33mWRN[0m [1mCluster metrics failed[0m [36merror=[0m[31m[1m"no metrics-server detected on cluster"[0m[0m
[90m4:50PM[0m [33mWRN[0m [1mCluster metrics failed[0m [36merror=[0m[31m[1m"no metrics-server detected on cluster"[0m[0m
[90m4:50PM[0m [33mWRN[0m [1mCluster metrics failed[0m [36merror=[0m[31m[1m"no metrics-server detected on cluster"[0m[0m
[90m12:45PM[0m [32mINF[0m [1m🐶 K9s starting up...[0m
[90m12:45PM[0m [31mERR[0m [1mFail to locate metrics-server[0m [36merror=[0m[31m[1m"Get \"http://localhost:8080/api\": read tcp [::1]:55588->[::1]:8080: read: connection reset by peer - error from a previous attempt: read tcp [::1]:55587->[::1]:8080: read: connection reset by peer"[0m[0m
[90m12:45PM[0m [31mERR[0m [1mconfig refine failed[0m [36merror=[0m[31m[1m"unable to activate context \"\": getcontext - invalid context specified: \"\""[0m[0m
[90m12:45PM[0m [31mERR[0m [1mcan't connect to cluster[0m [36merror=[0m[31m[1m"Get \"http://localhost:8080/version?timeout=15s\": read tcp [::1]:55616->[::1]:8080: read: connection reset by peer - error from a previous attempt: read tcp [::1]:55615->[::1]:8080: read: connection reset by peer"[0m[0m
[90m12:45PM[0m [32mINF[0m [1m✅ Kubernetes connectivity[0m
[90m12:45PM[0m [33mWRN[0m [1mSave failed. no active config detected[0m
[90m12:45PM[0m [31mERR[0m [1mFail to load global/context configuration[0m [36merror=[0m[31m[1m"Get \"http://localhost:8080/api\": read tcp [::1]:55588->[::1]:8080: read: connection reset by peer - error from a previous attempt: read tcp [::1]:55587->[::1]:8080: read: connection reset by peer\nunable to activate context \"\": getcontext - invalid context specified: \"\"\ncannot connect to context: \nk8s connection failed for context: "[0m[0m
[90m12:45PM[0m [31mERR[0m [1mUnable to assert active namespace. Using default[0m [36merror=[0m[31m[1m"getcontext - invalid context specified: \"\""[0m[0m
[90m12:45PM[0m [31mERR[0m [1mLoad cluster resources - No API server connection[0m
[90m12:45PM[0m [31mERR[0m [1mfailed to list contexts[0m [36merror=[0m[31m[1m"no connection"[0m[0m
[90m12:45PM[0m [33mWRN[0m [1mUnable to dial discovery API[0m [36merror=[0m[31m[1m"no connection to dial"[0m[0m
[90m12:45PM[0m [31mERR[0m [1mUnable to assert active namespace. Using default[0m [36merror=[0m[31m[1m"getcontext - invalid context specified: \"\""[0m[0m
[90m12:45PM[0m [31mERR[0m [1mUnable to assert active namespace. Using default[0m [36merror=[0m[31m[1m"getcontext - invalid context specified: \"\""[0m[0m
[90m12:45PM[0m [31mERR[0m [1mUnable to assert active namespace. Using default[0m [36merror=[0m[31m[1m"getcontext - invalid context specified: \"\""[0m[0m
[90m12:45PM[0m [31mERR[0m [1mUnable to assert active namespace. Using default[0m [36merror=[0m[31m[1m"getcontext - invalid context specified: \"\""[0m[0m
[90m12:45PM[0m [33mWRN[0m [1mPlugins load failed: getcontext - invalid context specified: ""[0m
[90m12:45PM[0m [33mWRN[0m [1mPlugins load failed: getcontext - invalid context specified: ""[0m
[90m12:45PM[0m [33mWRN[0m [1mPlugins load failed: getcontext - invalid context specified: ""[0m
[90m12:45PM[0m [31mERR[0m [1mcan't connect to cluster[0m [36merror=[0m[31m[1m"Get \"http://localhost:8080/version?timeout=15s\": dial tcp [::1]:8080: connect: connection refused - error from a previous attempt: read tcp [::1]:55633->[::1]:8080: read: connection reset by peer"[0m[0m
[90m12:45PM[0m [31mERR[0m [1mLoad cluster resources - No API server connection[0m
[90m12:45PM[0m [33mWRN[0m [1mUnable to dial discovery API[0m [36merror=[0m[31m[1m"no connection to dial"[0m[0m
[90m12:45PM[0m [33mWRN[0m [1mPlugins load failed: getcontext - invalid context specified: ""[0m
[90m12:45PM[0m [33mWRN[0m [1mPlugins load failed: getcontext - invalid context specified: ""[0m
[90m12:45PM[0m [33mWRN[0m [1mPlugins load failed: getcontext - invalid context specified: ""[0m
[90m12:45PM[0m [33mWRN[0m [1mPlugins load failed: getcontext - invalid context specified: ""[0m
[90m12:45PM[0m [33mWRN[0m [1mPlugins load failed: getcontext - invalid context specified: ""[0m
[90m12:45PM[0m [33mWRN[0m [1mPlugins load failed: getcontext - invalid context specified: ""[0m
[90m12:45PM[0m [33mWRN[0m [1mPlugins load failed: getcontext - invalid context specified: ""[0m
[90m12:45PM[0m [31mERR[0m [1mfailed to list namespaces[0m [36merror=[0m[31m[1m"user not authorized to list all namespaces"[0m[0m
[90m12:45PM[0m [33mWRN[0m [1mSave failed. no active config detected[0m
[90m12:45PM[0m [31mERR[0m [1mnuking k9s shell pod[0m [36merror=[0m[31m[1m"getcontext - invalid context specified: \"\""[0m[0m
[90m12:46PM[0m [32mINF[0m [1m🐶 K9s starting up...[0m
[90m12:46PM[0m [31mERR[0m [1mFail to locate metrics-server[0m [36merror=[0m[31m[1m"Get \"http://localhost:8080/api\": dial tcp [::1]:8080: connect: connection refused"[0m[0m
[90m12:46PM[0m [31mERR[0m [1mconfig refine failed[0m [36merror=[0m[31m[1m"unable to activate context \"\": getcontext - invalid context specified: \"\""[0m[0m
[90m12:46PM[0m [31mERR[0m [1mcan't connect to cluster[0m [36merror=[0m[31m[1m"Get \"http://localhost:8080/version?timeout=15s\": dial tcp [::1]:8080: connect: connection refused"[0m[0m
[90m12:46PM[0m [32mINF[0m [1m✅ Kubernetes connectivity[0m
[90m12:46PM[0m [33mWRN[0m [1mSave failed. no active config detected[0m
[90m12:46PM[0m [31mERR[0m [1mFail to load global/context configuration[0m [36merror=[0m[31m[1m"Get \"http://localhost:8080/api\": dial tcp [::1]:8080: connect: connection refused\nunable to activate context \"\": getcontext - invalid context specified: \"\"\ncannot connect to context: \nk8s connection failed for context: "[0m[0m
[90m12:46PM[0m [31mERR[0m [1mUnable to assert active namespace. Using default[0m [36merror=[0m[31m[1m"getcontext - invalid context specified: \"\""[0m[0m
[90m12:46PM[0m [31mERR[0m [1mLoad cluster resources - No API server connection[0m
[90m12:46PM[0m [31mERR[0m [1mfailed to list contexts[0m [36merror=[0m[31m[1m"no connection"[0m[0m
[90m12:46PM[0m [33mWRN[0m [1mUnable to dial discovery API[0m [36merror=[0m[31m[1m"no connection to dial"[0m[0m
[90m12:46PM[0m [31mERR[0m [1mUnable to assert active namespace. Using default[0m [36merror=[0m[31m[1m"getcontext - invalid context specified: \"\""[0m[0m
[90m12:46PM[0m [31mERR[0m [1mUnable to assert active namespace. Using default[0m [36merror=[0m[31m[1m"getcontext - invalid context specified: \"\""[0m[0m
[90m12:46PM[0m [31mERR[0m [1mUnable to assert active namespace. Using default[0m [36merror=[0m[31m[1m"getcontext - invalid context specified: \"\""[0m[0m
[90m12:46PM[0m [31mERR[0m [1mUnable to assert active namespace. Using default[0m [36merror=[0m[31m[1m"getcontext - invalid context specified: \"\""[0m[0m
[90m12:46PM[0m [31mERR[0m [1mcan't connect to cluster[0m [36merror=[0m[31m[1m"Get \"http://localhost:8080/version?timeout=15s\": dial tcp [::1]:8080: connect: connection refused"[0m[0m
[90m12:46PM[0m [31mERR[0m [1mLoad cluster resources - No API server connection[0m
[90m12:46PM[0m [33mWRN[0m [1mUnable to dial discovery API[0m [36merror=[0m[31m[1m"no connection to dial"[0m[0m
[90m12:46PM[0m [33mWRN[0m [1mPlugins load failed: getcontext - invalid context specified: ""[0m
[90m12:46PM[0m [33mWRN[0m [1mPlugins load failed: getcontext - invalid context specified: ""[0m
[90m12:46PM[0m [33mWRN[0m [1mPlugins load failed: getcontext - invalid context specified: ""[0m
[90m12:46PM[0m [33mWRN[0m [1mPlugins load failed: getcontext - invalid context specified: ""[0m
[90m12:46PM[0m [33mWRN[0m [1mPlugins load failed: getcontext - invalid context specified: ""[0m
[90m12:46PM[0m [31mERR[0m [1mfailed to list namespaces[0m [36merror=[0m[31m[1m"user not authorized to list all namespaces"[0m[0m
[90m12:46PM[0m [33mWRN[0m [1mSave failed. no active config detected[0m
[90m12:46PM[0m [31mERR[0m [1mnuking k9s shell pod[0m [36merror=[0m[31m[1m"getcontext - invalid context specified: \"\""[0m[0m
[90m12:58PM[0m [32mINF[0m [1m🐶 K9s starting up...[0m
[90m12:58PM[0m [32mINF[0m [1m✅ Kubernetes connectivity[0m
[90m12:58PM[0m [31mERR[0m [1mlogs-stream[0m [36merror=[0m[31m[1m"stream logs failed container \"online-loans-consumer-ui\" in pod \"online-loans-consumer-ui-77997946c5-hd7t5\" is waiting to start: trying and failing to pull image for default/online-loans-consumer-ui-77997946c5-hd7t5 (online-loans-consumer-ui)"[0m[0m
[90m12:58PM[0m [31mERR[0m [1mlogs-stream[0m [36merror=[0m[31m[1m"stream logs failed container \"online-loans-consumer-ui\" in pod \"online-loans-consumer-ui-77997946c5-hd7t5\" is waiting to start: trying and failing to pull image for default/online-loans-consumer-ui-77997946c5-hd7t5 (online-loans-consumer-ui)"[0m[0m
[90m12:58PM[0m [31mERR[0m [1mlogs-stream[0m [36merror=[0m[31m[1m"stream logs failed container \"online-loans-consumer-ui\" in pod \"online-loans-consumer-ui-77997946c5-hd7t5\" is waiting to start: trying and failing to pull image for default/online-loans-consumer-ui-77997946c5-hd7t5 (online-loans-consumer-ui)"[0m[0m
[90m12:58PM[0m [31mERR[0m [1mlogs-stream[0m [36merror=[0m[31m[1m"stream logs failed container \"online-loans-consumer-ui\" in pod \"online-loans-consumer-ui-77997946c5-hd7t5\" is waiting to start: trying and failing to pull image for default/online-loans-consumer-ui-77997946c5-hd7t5 (online-loans-consumer-ui)"[0m[0m
[90m12:58PM[0m [31mERR[0m [1mlogs-stream[0m [36merror=[0m[31m[1m"stream logs failed container \"online-loans-consumer-ui\" in pod \"online-loans-consumer-ui-77997946c5-hd7t5\" is waiting to start: trying and failing to pull image for default/online-loans-consumer-ui-77997946c5-hd7t5 (online-loans-consumer-ui)"[0m[0m
[90m12:58PM[0m [31mERR[0m [1mlogs-stream[0m [36merror=[0m[31m[1m"stream logs failed container \"online-loans-consumer-ui\" in pod \"online-loans-consumer-ui-77997946c5-hd7t5\" is waiting to start: trying and failing to pull image for default/online-loans-consumer-ui-77997946c5-hd7t5 (online-loans-consumer-ui)"[0m[0m
[90m12:59PM[0m [32mINF[0m [1m🐶 K9s starting up...[0m
[90m12:59PM[0m [32mINF[0m [1m✅ Kubernetes connectivity[0m
[90m1:01PM[0m [32mINF[0m [1m🐶 K9s starting up...[0m
[90m1:01PM[0m [32mINF[0m [1m✅ Kubernetes connectivity[0m
[90m1:02PM[0m [31mERR[0m [1mWatcher failed for containers -- pods "client-manager-55d9cf8b65-8pfvj" not found[0m [36merror=[0m[31m[1m"pods \"client-manager-55d9cf8b65-8pfvj\" not found"[0m[0m
[90m1:02PM[0m [33mWRN[0m [1mlog-reader canceled[0m [36merror=[0m[31m[1m"Stream canceled context canceled for myameria2/mobile-proxy-869797c694-29vkm (mobile-proxy)"[0m[0m
[90m1:03PM[0m [33mWRN[0m [1mlog-reader canceled[0m [36merror=[0m[31m[1m"Stream canceled context canceled for myameria2/mobile-proxy-869797c694-29vkm (mobile-proxy)"[0m[0m
[90m1:03PM[0m [33mWRN[0m [1mlog-reader canceled[0m [36merror=[0m[31m[1m"Stream canceled context canceled for myameria2/mobile-proxy-869797c694-29vkm (mobile-proxy)"[0m[0m
[90m1:03PM[0m [33mWRN[0m [1mlog-reader canceled[0m [36merror=[0m[31m[1m"Stream canceled context canceled for myameria2/mobile-proxy-869797c694-29vkm (mobile-proxy)"[0m[0m
[90m1:03PM[0m [33mWRN[0m [1mlog-reader canceled[0m [36merror=[0m[31m[1m"Stream canceled context canceled for myameria2/mobile-proxy-869797c694-29vkm (mobile-proxy)"[0m[0m
[90m1:03PM[0m [33mWRN[0m [1mlog-reader canceled[0m [36merror=[0m[31m[1m"Stream canceled context canceled for myameria2/mobile-proxy-869797c694-29vkm (mobile-proxy)"[0m[0m
[90m1:03PM[0m [31mERR[0m [1merror parsing regexp: missing argument to repetition operator: `?`[0m
[90m1:03PM[0m [33mWRN[0m [1mlog-reader canceled[0m [36merror=[0m[31m[1m"Stream canceled context canceled for myameria2/mobile-proxy-869797c694-29vkm (mobile-proxy)"[0m[0m
[90m1:04PM[0m [33mWRN[0m [1mlog-reader canceled[0m [36merror=[0m[31m[1m"Stream canceled context canceled for myameria2/mobile-proxy-869797c694-29vkm (mobile-proxy)"[0m[0m
[90m1:13PM[0m [32mINF[0m [1m🐶 K9s starting up...[0m
[90m1:13PM[0m [32mINF[0m [1m✅ Kubernetes connectivity[0m
[90m1:14PM[0m [32mINF[0m [1m🐶 K9s starting up...[0m
[90m1:14PM[0m [32mINF[0m [1m✅ Kubernetes connectivity[0m
[90m1:15PM[0m [32mINF[0m [1m🐶 K9s starting up...[0m
[90m1:15PM[0m [32mINF[0m [1m✅ Kubernetes connectivity[0m
[90m1:15PM[0m [32mINF[0m [1m🐶 K9s starting up...[0m
[90m1:15PM[0m [32mINF[0m [1m✅ Kubernetes connectivity[0m
[90m1:16PM[0m [32mINF[0m [1m🐶 K9s starting up...[0m
[90m1:16PM[0m [32mINF[0m [1m✅ Kubernetes connectivity[0m
[90m1:19PM[0m [33mWRN[0m [1mlog-reader canceled[0m [36merror=[0m[31m[1m"Stream canceled context canceled for myameria2/client-manager-55d9cf8b65-8pfvj (client-manager)"[0m[0m
[90m1:20PM[0m [32mINF[0m [1m🐶 K9s starting up...[0m
[90m1:20PM[0m [31mERR[0m [1mFail to locate metrics-server[0m [36merror=[0m[31m[1m"Get \"http://localhost:8080/api\": read tcp [::1]:61352->[::1]:8080: read: connection reset by peer - error from a previous attempt: read tcp [::1]:61351->[::1]:8080: read: connection reset by peer"[0m[0m
[90m1:20PM[0m [31mERR[0m [1mconfig refine failed[0m [36merror=[0m[31m[1m"unable to activate context \"\": getcontext - invalid context specified: \"\""[0m[0m
[90m1:20PM[0m [31mERR[0m [1mcan't connect to cluster[0m [36merror=[0m[31m[1m"Get \"http://localhost:8080/version?timeout=15s\": read tcp [::1]:61392->[::1]:8080: read: connection reset by peer - error from a previous attempt: read tcp [::1]:61391->[::1]:8080: read: connection reset by peer"[0m[0m
[90m1:20PM[0m [32mINF[0m [1m✅ Kubernetes connectivity[0m
[90m1:20PM[0m [33mWRN[0m [1mSave failed. no active config detected[0m
[90m1:20PM[0m [31mERR[0m [1mFail to load global/context configuration[0m [36merror=[0m[31m[1m"Get \"http://localhost:8080/api\": read tcp [::1]:61352->[::1]:8080: read: connection reset by peer - error from a previous attempt: read tcp [::1]:61351->[::1]:8080: read: connection reset by peer\nunable to activate context \"\": getcontext - invalid context specified: \"\"\ncannot connect to context: \nk8s connection failed for context: "[0m[0m
[90m1:20PM[0m [31mERR[0m [1mUnable to assert active namespace. Using default[0m [36merror=[0m[31m[1m"getcontext - invalid context specified: \"\""[0m[0m
[90m1:20PM[0m [31mERR[0m [1mLoad cluster resources - No API server connection[0m
[90m1:20PM[0m [31mERR[0m [1mfailed to list contexts[0m [36merror=[0m[31m[1m"no connection"[0m[0m
[90m1:20PM[0m [33mWRN[0m [1mUnable to dial discovery API[0m [36merror=[0m[31m[1m"no connection to dial"[0m[0m
[90m1:20PM[0m [31mERR[0m [1mUnable to assert active namespace. Using default[0m [36merror=[0m[31m[1m"getcontext - invalid context specified: \"\""[0m[0m
[90m1:20PM[0m [31mERR[0m [1mUnable to assert active namespace. Using default[0m [36merror=[0m[31m[1m"getcontext - invalid context specified: \"\""[0m[0m
[90m1:20PM[0m [31mERR[0m [1mUnable to assert active namespace. Using default[0m [36merror=[0m[31m[1m"getcontext - invalid context specified: \"\""[0m[0m
[90m1:20PM[0m [31mERR[0m [1mUnable to assert active namespace. Using default[0m [36merror=[0m[31m[1m"getcontext - invalid context specified: \"\""[0m[0m
[90m1:20PM[0m [33mWRN[0m [1mPlugins load failed: getcontext - invalid context specified: ""[0m
[90m1:20PM[0m [33mWRN[0m [1mPlugins load failed: getcontext - invalid context specified: ""[0m
[90m1:20PM[0m [33mWRN[0m [1mPlugins load failed: getcontext - invalid context specified: ""[0m
[90m1:20PM[0m [33mWRN[0m [1mPlugins load failed: getcontext - invalid context specified: ""[0m
[90m1:20PM[0m [33mWRN[0m [1mPlugins load failed: getcontext - invalid context specified: ""[0m
[90m1:20PM[0m [33mWRN[0m [1mPlugins load failed: getcontext - invalid context specified: ""[0m
[90m1:20PM[0m [31mERR[0m [1mcan't connect to cluster[0m [36merror=[0m[31m[1m"Get \"http://localhost:8080/version?timeout=15s\": read tcp [::1]:61436->[::1]:8080: read: connection reset by peer - error from a previous attempt: read tcp [::1]:61435->[::1]:8080: read: connection reset by peer"[0m[0m
[90m1:20PM[0m [31mERR[0m [1mLoad cluster resources - No API server connection[0m
[90m1:20PM[0m [33mWRN[0m [1mUnable to dial discovery API[0m [36merror=[0m[31m[1m"no connection to dial"[0m[0m
[90m1:20PM[0m [33mWRN[0m [1mPlugins load failed: getcontext - invalid context specified: ""[0m
[90m1:20PM[0m [33mWRN[0m [1mPlugins load failed: getcontext - invalid context specified: ""[0m
[90m1:20PM[0m [33mWRN[0m [1mPlugins load failed: getcontext - invalid context specified: ""[0m
[90m1:20PM[0m [33mWRN[0m [1mPlugins load failed: getcontext - invalid context specified: ""[0m
[90m1:20PM[0m [33mWRN[0m [1mPlugins load failed: getcontext - invalid context specified: ""[0m
[90m1:20PM[0m [33mWRN[0m [1mPlugins load failed: getcontext - invalid context specified: ""[0m
[90m1:20PM[0m [33mWRN[0m [1mPlugins load failed: getcontext - invalid context specified: ""[0m
[90m1:20PM[0m [33mWRN[0m [1mPlugins load failed: getcontext - invalid context specified: ""[0m
[90m1:20PM[0m [33mWRN[0m [1mPlugins load failed: getcontext - invalid context specified: ""[0m
[90m1:21PM[0m [33mWRN[0m [1mPlugins load failed: getcontext - invalid context specified: ""[0m
[90m1:21PM[0m [33mWRN[0m [1mPlugins load failed: getcontext - invalid context specified: ""[0m
[90m1:21PM[0m [33mWRN[0m [1mPlugins load failed: getcontext - invalid context specified: ""[0m
[90m1:21PM[0m [33mWRN[0m [1mPlugins load failed: getcontext - invalid context specified: ""[0m
[90m1:21PM[0m [31mERR[0m [1mcan't connect to cluster[0m [36merror=[0m[31m[1m"Get \"http://localhost:8080/version?timeout=15s\": read tcp [::1]:61514->[::1]:8080: read: connection reset by peer - error from a previous attempt: read tcp [::1]:61513->[::1]:8080: read: connection reset by peer"[0m[0m
[90m1:21PM[0m [31mERR[0m [1mClusterUpdater failed[0m [36merror=[0m[31m[1m"conn check failed (1/5)"[0m[0m
[90m1:21PM[0m [31mERR[0m [1mcan't connect to cluster[0m [36merror=[0m[31m[1m"Get \"http://localhost:8080/version?timeout=15s\": read tcp [::1]:61552->[::1]:8080: read: connection reset by peer - error from a previous attempt: read tcp [::1]:61551->[::1]:8080: read: connection reset by peer"[0m[0m
[90m1:21PM[0m [31mERR[0m [1mClusterUpdater failed[0m [36merror=[0m[31m[1m"conn check failed (2/5)"[0m[0m
[90m1:21PM[0m [31mERR[0m [1mcan't connect to cluster[0m [36merror=[0m[31m[1m"Get \"http://localhost:8080/version?timeout=15s\": read tcp [::1]:61642->[::1]:8080: read: connection reset by peer - error from a previous attempt: read tcp [::1]:61641->[::1]:8080: read: connection reset by peer"[0m[0m
[90m1:21PM[0m [31mERR[0m [1mClusterUpdater failed[0m [36merror=[0m[31m[1m"conn check failed (3/5)"[0m[0m
[90m1:21PM[0m [31mERR[0m [1mcan't connect to cluster[0m [36merror=[0m[31m[1m"Get \"http://localhost:8080/version?timeout=15s\": read tcp [::1]:61683->[::1]:8080: read: connection reset by peer - error from a previous attempt: read tcp [::1]:61681->[::1]:8080: read: connection reset by peer"[0m[0m
[90m1:21PM[0m [31mERR[0m [1mClusterUpdater failed[0m [36merror=[0m[31m[1m"conn check failed (4/5)"[0m[0m
[90m1:21PM[0m [31mERR[0m [1mcan't connect to cluster[0m [36merror=[0m[31m[1m"Get \"http://localhost:8080/version?timeout=15s\": read tcp [::1]:61726->[::1]:8080: read: connection reset by peer - error from a previous attempt: read tcp [::1]:61716->[::1]:8080: read: connection reset by peer"[0m[0m
[90m1:21PM[0m [31mERR[0m [1mConn check failed (5/5). Bailing out![0m
[90m1:21PM[0m [33mWRN[0m [1mSave failed. no active config detected[0m
[90m1:21PM[0m [31mERR[0m [1mnuking k9s shell pod[0m [36merror=[0m[31m[1m"getcontext - invalid context specified: \"\""[0m[0m
[90m1:30PM[0m [32mINF[0m [1m🐶 K9s starting up...[0m
[90m1:30PM[0m [32mINF[0m [1m✅ Kubernetes connectivity[0m
[90m1:35PM[0m [32mINF[0m [1m🐶 K9s starting up...[0m
[90m1:35PM[0m [32mINF[0m [1m✅ Kubernetes connectivity[0m
[90m1:35PM[0m [31mERR[0m [1mFail to load global/context configuration[0m [36merror=[0m[31m[1m"k9s config file \"/Users/mbagrat/Library/Application Support/k9s/config.yaml\" load failed:\nAdditional property skin is not allowed"[0m[0m
[90m1:36PM[0m [32mINF[0m [1m🐶 K9s starting up...[0m
[90m1:36PM[0m [32mINF[0m [1m✅ Kubernetes connectivity[0m
[90m1:37PM[0m [33mWRN[0m [1mlog-reader canceled[0m [36merror=[0m[31m[1m"Stream canceled context canceled for myameria2/client-manager-55d9cf8b65-8pfvj (client-manager)"[0m[0m
[90m1:37PM[0m [33mWRN[0m [1mlog-reader EOF[0m [36merror=[0m[31m[1m"Stream closed EOF for myameria2/client-manager-55d9cf8b65-8pfvj (client-manager)"[0m[0m
[90m1:37PM[0m [33mWRN[0m [1mlog-reader canceled[0m [36merror=[0m[31m[1m"Stream canceled context canceled for myameria2/client-manager-55d9cf8b65-8pfvj (client-manager)"[0m[0m
[90m1:37PM[0m [33mWRN[0m [1mlog-reader canceled[0m [36merror=[0m[31m[1m"Stream canceled context canceled for myameria2/client-manager-55d9cf8b65-8pfvj (client-manager)"[0m[0m
[90m1:37PM[0m [33mWRN[0m [1mlog-reader canceled[0m [36merror=[0m[31m[1m"Stream canceled context canceled for myameria2/client-manager-55d9cf8b65-8pfvj (client-manager)"[0m[0m
[90m1:37PM[0m [33mWRN[0m [1mlog-reader canceled[0m [36merror=[0m[31m[1m"Stream canceled context canceled for myameria2/client-manager-55d9cf8b65-8pfvj (client-manager)"[0m[0m
[90m1:37PM[0m [33mWRN[0m [1mlog-reader canceled[0m [36merror=[0m[31m[1m"Stream canceled context canceled for myameria2/client-manager-55d9cf8b65-8pfvj (client-manager)"[0m[0m
[90m1:37PM[0m [33mWRN[0m [1mlog-reader EOF[0m [36merror=[0m[31m[1m"Stream closed EOF for myameria2/client-manager-55d9cf8b65-8pfvj (client-manager)"[0m[0m
[90m1:54PM[0m [32mINF[0m [1m🐶 K9s starting up...[0m
[90m1:54PM[0m [32mINF[0m [1m✅ Kubernetes connectivity[0m
[90m2:02PM[0m [32mINF[0m [1m🐶 K9s starting up...[0m
[90m2:02PM[0m [32mINF[0m [1m✅ Kubernetes connectivity[0m
[90m2:04PM[0m [32mINF[0m [1m🐶 K9s starting up...[0m
[90m2:04PM[0m [32mINF[0m [1m✅ Kubernetes connectivity[0m
[90m2:05PM[0m [32mINF[0m [1m🐶 K9s starting up...[0m
[90m2:05PM[0m [32mINF[0m [1m✅ Kubernetes connectivity[0m
[90m3:25PM[0m [32mINF[0m [1m🐶 K9s starting up...[0m
[90m3:25PM[0m [32mINF[0m [1m✅ Kubernetes connectivity[0m
[90m3:25PM[0m [32mINF[0m [1m🐶 K9s starting up...[0m
[90m3:25PM[0m [32mINF[0m [1m✅ Kubernetes connectivity[0m
[90m3:26PM[0m [32mINF[0m [1m🐶 K9s starting up...[0m
[90m3:26PM[0m [32mINF[0m [1m✅ Kubernetes connectivity[0m
[90m3:31PM[0m [32mINF[0m [1m🐶 K9s starting up...[0m
[90m3:31PM[0m [32mINF[0m [1m✅ Kubernetes connectivity[0m
[90m3:32PM[0m [32mINF[0m [1m🐶 K9s starting up...[0m
[90m3:32PM[0m [32mINF[0m [1m✅ Kubernetes connectivity[0m
[90m3:32PM[0m [31mERR[0m [1mFail to load global/context configuration[0m [36merror=[0m[31m[1m"k9s config file \"/Users/mbagrat/Library/Application Support/k9s/config.yaml\" load failed:\nAdditional property views is not allowed"[0m[0m
[90m3:37PM[0m [32mINF[0m [1m🐶 K9s starting up...[0m
[90m3:37PM[0m [32mINF[0m [1m✅ Kubernetes connectivity[0m
[90m3:37PM[0m [33mWRN[0m [1mlog-reader EOF[0m [36merror=[0m[31m[1m"Stream closed EOF for myameria2/account-manager-7fff649cb8-mthmz (check-service)"[0m[0m
[90m3:37PM[0m [33mWRN[0m [1mlog-reader EOF[0m [36merror=[0m[31m[1m"Stream closed EOF for myameria2/account-manager-7fff649cb8-mthmz (datadog-lib-java-init)"[0m[0m
[90m3:37PM[0m [33mWRN[0m [1mlog-reader canceled[0m [36merror=[0m[31m[1m"Stream canceled context canceled for myameria2/account-manager-7fff649cb8-mthmz (account-manager)"[0m[0m
[90m3:38PM[0m [32mINF[0m [1m🐶 K9s starting up...[0m
[90m3:38PM[0m [32mINF[0m [1m✅ Kubernetes connectivity[0m
[90m3:39PM[0m [32mINF[0m [1m🐶 K9s starting up...[0m
[90m3:39PM[0m [32mINF[0m [1m✅ Kubernetes connectivity[0m
[90m3:40PM[0m [32mINF[0m [1m🐶 K9s starting up...[0m
[90m3:40PM[0m [32mINF[0m [1m✅ Kubernetes connectivity[0m
[90m3:40PM[0m [32mINF[0m [1m🐶 K9s starting up...[0m
[90m3:40PM[0m [32mINF[0m [1m✅ Kubernetes connectivity[0m
[90m3:41PM[0m [32mINF[0m [1m🐶 K9s starting up...[0m
[90m3:41PM[0m [32mINF[0m [1m✅ Kubernetes connectivity[0m
[90m3:42PM[0m [32mINF[0m [1m🐶 K9s starting up...[0m
[90m3:42PM[0m [32mINF[0m [1m✅ Kubernetes connectivity[0m
[90m3:42PM[0m [32mINF[0m [1m🐶 K9s starting up...[0m
[90m3:42PM[0m [32mINF[0m [1m✅ Kubernetes connectivity[0m
[90m3:42PM[0m [33mWRN[0m [1mlog-reader canceled[0m [36merror=[0m[31m[1m"Stream canceled context canceled for myameria2/client-manager-55d9cf8b65-8pfvj (client-manager)"[0m[0m
[90m3:44PM[0m [32mINF[0m [1m🐶 K9s starting up...[0m
[90m3:44PM[0m [32mINF[0m [1m✅ Kubernetes connectivity[0m
[90m3:55PM[0m [33mWRN[0m [1mlog-reader canceled[0m [36merror=[0m[31m[1m"Stream canceled context canceled for myameria2/client-manager-55d9cf8b65-8pfvj (client-manager)"[0m[0m
[90m3:55PM[0m [33mWRN[0m [1mlog-reader canceled[0m [36merror=[0m[31m[1m"Stream canceled context canceled for myameria2/client-manager-55d9cf8b65-8pfvj (client-manager)"[0m[0m
[90m4:12PM[0m [31mERR[0m [1mcan't connect to cluster[0m [36merror=[0m[31m[1m"Get \"https://k8s.dev.banking.ameriabank.am:6443/version?timeout=15s\": net/http: request canceled (Client.Timeout exceeded while awaiting headers)"[0m[0m
[90m4:12PM[0m [31mERR[0m [1mClusterUpdater failed[0m [36merror=[0m[31m[1m"conn check failed (1/5)"[0m[0m
[90m4:12PM[0m [33mWRN[0m [1mlog-reader canceled[0m [36merror=[0m[31m[1m"Stream canceled context canceled for secure2/keycloak-0 (keycloak)"[0m[0m
[90m4:13PM[0m [31mERR[0m [1mcan't connect to cluster[0m [36merror=[0m[31m[1m"Get \"https://k8s.dev.banking.ameriabank.am:6443/version?timeout=15s\": http2: client connection lost"[0m[0m
[90m4:13PM[0m [31mERR[0m [1mClusterUpdater failed[0m [36merror=[0m[31m[1m"conn check failed (2/5)"[0m[0m
[90m4:15PM[0m [31mERR[0m [1mcan't connect to cluster[0m [36merror=[0m[31m[1m"Get \"https://k8s.dev.banking.ameriabank.am:6443/version?timeout=15s\": net/http: request canceled while waiting for connection (Client.Timeout exceeded while awaiting headers)"[0m[0m
[90m4:15PM[0m [31mERR[0m [1mClusterUpdater failed[0m [36merror=[0m[31m[1m"conn check failed (3/5)"[0m[0m
[90m4:16PM[0m [31mERR[0m [1mcan't connect to cluster[0m [36merror=[0m[31m[1m"Get \"https://k8s.dev.banking.ameriabank.am:6443/version?timeout=15s\": dial tcp: lookup k8s.dev.banking.ameriabank.am: no such host"[0m[0m
[90m4:16PM[0m [31mERR[0m [1mClusterUpdater failed[0m [36merror=[0m[31m[1m"conn check failed (4/5)"[0m[0m
[90m4:16PM[0m [33mWRN[0m [1mnamespace validation failed for: "secure2"[0m [36merror=[0m[31m[1m"user not authorized to list all namespaces"[0m[0m
[90m4:55PM[0m [32mINF[0m [1m🐶 K9s starting up...[0m
[90m4:55PM[0m [32mINF[0m [1m✅ Kubernetes connectivity[0m
[90m4:56PM[0m [32mINF[0m [1m🐶 K9s starting up...[0m
[90m4:56PM[0m [32mINF[0m [1m✅ Kubernetes connectivity[0m
